\BOOKMARK [0][-]{chapter.1}{Introducci\363n}{}% 1
\BOOKMARK [0][-]{chapter.1}{Introducci\363n}{}% 2
\BOOKMARK [1][-]{section.1.1}{Antecedentes}{chapter.1}% 3
\BOOKMARK [1][-]{section.1.1}{Antecedentes}{chapter.1}% 4
\BOOKMARK [1][-]{section.1.2}{Objetivos}{chapter.1}% 5
\BOOKMARK [1][-]{section.1.2}{Objetivos}{chapter.1}% 6
\BOOKMARK [2][-]{subsection.1.2.1}{Objetivo General}{section.1.2}% 7
\BOOKMARK [2][-]{subsection.1.2.1}{Objetivo General}{section.1.2}% 8
\BOOKMARK [2][-]{subsection.1.2.2}{Objetivos Espec\355ficos}{section.1.2}% 9
\BOOKMARK [2][-]{subsection.1.2.2}{Objetivos Espec\355ficos}{section.1.2}% 10
\BOOKMARK [1][-]{section.1.3}{Justificaci\363n}{chapter.1}% 11
\BOOKMARK [1][-]{section.1.3}{Justificaci\363n}{chapter.1}% 12
\BOOKMARK [1][-]{section.1.4}{Alcance y Limitaciones}{chapter.1}% 13
\BOOKMARK [1][-]{section.1.4}{Alcance y Limitaciones}{chapter.1}% 14
\BOOKMARK [0][-]{chapter.2}{Fundamentos Te\363ricos}{}% 15
\BOOKMARK [0][-]{chapter.2}{Fundamentos Te\363ricos}{}% 16
\BOOKMARK [0][-]{chapter.3}{Aspectos Humanos}{}% 17
\BOOKMARK [0][-]{chapter.3}{Aspetos Humanos}{}% 18
\BOOKMARK [0][-]{chapter.4}{Aspectos Tecnol\363gicos}{}% 19
\BOOKMARK [0][-]{chapter.4}{Aspectos Tecnol\363gicos}{}% 20
\BOOKMARK [0][-]{chapter.5}{Dise\361o de la interfaz gr\341fica de usuario}{}% 21
\BOOKMARK [0][-]{chapter.5}{Dise\361o de la interfaz gr\341fica de usuario}{}% 22
\BOOKMARK [1][-]{section.5.1}{Dise\361o de la interfaz gr\341fica de usuario}{chapter.5}% 23
\BOOKMARK [1][-]{section.5.1}{Dise\361o de la interfaz gr\341fica de usuario}{chapter.5}% 24
\BOOKMARK [1][-]{section.5.2}{Prototipo}{chapter.5}% 25
\BOOKMARK [1][-]{section.5.2}{Prototipo}{chapter.5}% 26
\BOOKMARK [0][-]{section*.2}{Acr\363nimos}{}% 27
\BOOKMARK [0][-]{chapter*.4}{Referencias Bibliogr\341ficas}{}% 28
